HyperNova_Climate_Task_05/HyperNovaClimate/app/build/intermediates/manifest_merge_blame_file/debug/processDebugMainManifest/manifest-merger-blame-debug-report.txt
1<?xml version="1.0" encoding="utf-8"?>
2<manifest xmlns:android="http://schemas.android.com/apk/res/android"
3    package="com.hypernova.climate.dev"
4    android:versionCode="1"
5    android:versionName="1.0-dev" >
6
7    <uses-sdk
7-->INJECTED
8        android:minSdkVersion="35"
8-->INJECTED
9        android:targetSdkVersion="36" />
9-->INJECTED
10
11    <!-- Designed for Android Automotive OS. -->
12    <uses-feature
12-->src/main/AndroidManifest.xml:5:5-7:35
13        android:name="android.hardware.type.automotive"
13-->src/main/AndroidManifest.xml:6:9-56
14        android:required="true" />
14-->src/main/AndroidManifest.xml:7:9-32
15
16    <!--
17        Vehicle climate access. Exact permissions depend on the target AOSP
18        image and the active backend (VHAL vs direct gateway). Declared here
19        for the CarProperty/VHAL path; harmless when the Ethernet backend is
20        selected. INTERNET is required by the direct-Ethernet backend.
21    -->
22    <uses-permission android:name="android.permission.INTERNET" />
22-->src/main/AndroidManifest.xml:15:5-67
22-->src/main/AndroidManifest.xml:15:22-64
23    <uses-permission android:name="android.permission.ACCESS_NETWORK_STATE" />
23-->src/main/AndroidManifest.xml:16:5-79
23-->src/main/AndroidManifest.xml:16:22-76
24    <uses-permission android:name="android.car.permission.CONTROL_CAR_CLIMATE" />
24-->src/main/AndroidManifest.xml:17:5-82
24-->src/main/AndroidManifest.xml:17:22-79
25    <uses-permission android:name="android.car.permission.CAR_INFO" />
25-->src/main/AndroidManifest.xml:18:5-71
25-->src/main/AndroidManifest.xml:18:22-68
26
27    <!--
28        Signature-level permission protecting the NOVA command service.
29        (Service itself is added in the IPC phase; UI phase declares the
30        permission so the contract is visible.)
31    -->
32    <permission
32-->src/main/AndroidManifest.xml:25:5-27:47
33        android:name="com.hypernova.permission.CONTROL_COCKPIT_APPS"
33-->src/main/AndroidManifest.xml:26:9-69
34        android:protectionLevel="signature" />
34-->src/main/AndroidManifest.xml:27:9-44
35    <permission
35-->[androidx.core:core:1.18.0] AndroidManifest.xml:22:5-24:47
36        android:name="com.hypernova.climate.dev.DYNAMIC_RECEIVER_NOT_EXPORTED_PERMISSION"
36-->[androidx.core:core:1.18.0] AndroidManifest.xml:23:9-81
37        android:protectionLevel="signature" />
37-->[androidx.core:core:1.18.0] AndroidManifest.xml:24:9-44
38
39    <uses-permission android:name="com.hypernova.climate.dev.DYNAMIC_RECEIVER_NOT_EXPORTED_PERMISSION" />
39-->[androidx.core:core:1.18.0] AndroidManifest.xml:26:5-97
39-->[androidx.core:core:1.18.0] AndroidManifest.xml:26:22-94
40
41    <application
41-->src/main/AndroidManifest.xml:29:5-62:19
42        android:allowBackup="true"
42-->src/main/AndroidManifest.xml:30:9-35
43        android:appComponentFactory="androidx.core.app.CoreComponentFactory"
43-->[androidx.core:core:1.18.0] AndroidManifest.xml:28:18-86
44        android:debuggable="true"
45        android:extractNativeLibs="false"
45-->INJECTED
46        android:icon="@mipmap/ic_launcher"
46-->src/main/AndroidManifest.xml:31:9-43
47        android:label="@string/app_name"
47-->src/main/AndroidManifest.xml:32:9-41
48        android:roundIcon="@mipmap/ic_launcher_round"
48-->src/main/AndroidManifest.xml:33:9-54
49        android:supportsRtl="true"
49-->src/main/AndroidManifest.xml:34:9-35
50        android:testOnly="true"
51        android:theme="@style/Theme.HyperNovaClimate" >
51-->src/main/AndroidManifest.xml:35:9-54
52        <activity
52-->src/main/AndroidManifest.xml:37:9-55:20
53            android:name="com.hypernova.climate.ClimateActivity"
53-->src/main/AndroidManifest.xml:38:13-44
54            android:exported="true"
54-->src/main/AndroidManifest.xml:39:13-36
55            android:launchMode="singleTask"
55-->src/main/AndroidManifest.xml:40:13-44
56            android:resizeableActivity="false"
56-->src/main/AndroidManifest.xml:41:13-47
57            android:screenOrientation="portrait" >
57-->src/main/AndroidManifest.xml:42:13-49
58
59            <!-- Launcher entry for development / adb. -->
60            <intent-filter>
60-->src/main/AndroidManifest.xml:45:13-48:29
61                <action android:name="android.intent.action.MAIN" />
61-->src/main/AndroidManifest.xml:46:17-69
61-->src/main/AndroidManifest.xml:46:25-66
62
63                <category android:name="android.intent.category.LAUNCHER" />
63-->src/main/AndroidManifest.xml:47:17-77
63-->src/main/AndroidManifest.xml:47:27-74
64            </intent-filter>
65
66            <!-- Cockpit open action used by the HyperNova Launcher. -->
67            <intent-filter>
67-->src/main/AndroidManifest.xml:51:13-54:29
68                <action android:name="com.hypernova.climate.action.OPEN" />
68-->src/main/AndroidManifest.xml:52:17-76
68-->src/main/AndroidManifest.xml:52:25-73
69
70                <category android:name="android.intent.category.DEFAULT" />
70-->src/main/AndroidManifest.xml:53:17-76
70-->src/main/AndroidManifest.xml:53:27-73
71            </intent-filter>
72        </activity>
73
74        <!--
75            The NOVA command service (ClimateCommandService) and the read-only
76            ClimateStatusService are registered in the IPC integration phase.
77        -->
78
79        <provider
79-->[androidx.emoji2:emoji2:1.3.0] AndroidManifest.xml:24:9-32:20
80            android:name="androidx.startup.InitializationProvider"
80-->[androidx.emoji2:emoji2:1.3.0] AndroidManifest.xml:25:13-67
81            android:authorities="com.hypernova.climate.dev.androidx-startup"
81-->[androidx.emoji2:emoji2:1.3.0] AndroidManifest.xml:26:13-68
82            android:exported="false" >
82-->[androidx.emoji2:emoji2:1.3.0] AndroidManifest.xml:27:13-37
83            <meta-data
83-->[androidx.emoji2:emoji2:1.3.0] AndroidManifest.xml:29:13-31:52
84                android:name="androidx.emoji2.text.EmojiCompatInitializer"
84-->[androidx.emoji2:emoji2:1.3.0] AndroidManifest.xml:30:17-75
85                android:value="androidx.startup" />
85-->[androidx.emoji2:emoji2:1.3.0] AndroidManifest.xml:31:17-49
86            <meta-data
86-->[androidx.lifecycle:lifecycle-process:2.8.7] AndroidManifest.xml:29:13-31:52
87                android:name="androidx.lifecycle.ProcessLifecycleInitializer"
87-->[androidx.lifecycle:lifecycle-process:2.8.7] AndroidManifest.xml:30:17-78
88                android:value="androidx.startup" />
88-->[androidx.lifecycle:lifecycle-process:2.8.7] AndroidManifest.xml:31:17-49
89            <meta-data
89-->[androidx.profileinstaller:profileinstaller:1.4.0] AndroidManifest.xml:29:13-31:52
90                android:name="androidx.profileinstaller.ProfileInstallerInitializer"
90-->[androidx.profileinstaller:profileinstaller:1.4.0] AndroidManifest.xml:30:17-85
91                android:value="androidx.startup" />
91-->[androidx.profileinstaller:profileinstaller:1.4.0] AndroidManifest.xml:31:17-49
92        </provider>
93
94        <receiver
94-->[androidx.profileinstaller:profileinstaller:1.4.0] AndroidManifest.xml:34:9-52:20
95            android:name="androidx.profileinstaller.ProfileInstallReceiver"
95-->[androidx.profileinstaller:profileinstaller:1.4.0] AndroidManifest.xml:35:13-76
96            android:directBootAware="false"
96-->[androidx.profileinstaller:profileinstaller:1.4.0] AndroidManifest.xml:36:13-44
97            android:enabled="true"
97-->[androidx.profileinstaller:profileinstaller:1.4.0] AndroidManifest.xml:37:13-35
98            android:exported="true"
98-->[androidx.profileinstaller:profileinstaller:1.4.0] AndroidManifest.xml:38:13-36
99            android:permission="android.permission.DUMP" >
99-->[androidx.profileinstaller:profileinstaller:1.4.0] AndroidManifest.xml:39:13-57
100            <intent-filter>
100-->[androidx.profileinstaller:profileinstaller:1.4.0] AndroidManifest.xml:40:13-42:29
101                <action android:name="androidx.profileinstaller.action.INSTALL_PROFILE" />
101-->[androidx.profileinstaller:profileinstaller:1.4.0] AndroidManifest.xml:41:17-91
101-->[androidx.profileinstaller:profileinstaller:1.4.0] AndroidManifest.xml:41:25-88
102            </intent-filter>
103            <intent-filter>
103-->[androidx.profileinstaller:profileinstaller:1.4.0] AndroidManifest.xml:43:13-45:29
104                <action android:name="androidx.profileinstaller.action.SKIP_FILE" />
104-->[androidx.profileinstaller:profileinstaller:1.4.0] AndroidManifest.xml:44:17-85
104-->[androidx.profileinstaller:profileinstaller:1.4.0] AndroidManifest.xml:44:25-82
105            </intent-filter>
106            <intent-filter>
106-->[androidx.profileinstaller:profileinstaller:1.4.0] AndroidManifest.xml:46:13-48:29
107                <action android:name="androidx.profileinstaller.action.SAVE_PROFILE" />
107-->[androidx.profileinstaller:profileinstaller:1.4.0] AndroidManifest.xml:47:17-88
107-->[androidx.profileinstaller:profileinstaller:1.4.0] AndroidManifest.xml:47:25-85
108            </intent-filter>
109            <intent-filter>
109-->[androidx.profileinstaller:profileinstaller:1.4.0] AndroidManifest.xml:49:13-51:29
110                <action android:name="androidx.profileinstaller.action.BENCHMARK_OPERATION" />
110-->[androidx.profileinstaller:profileinstaller:1.4.0] AndroidManifest.xml:50:17-95
110-->[androidx.profileinstaller:profileinstaller:1.4.0] AndroidManifest.xml:50:25-92
111            </intent-filter>
112        </receiver>
113    </application>
114
115</manifest>